<?xml version="1.0" encoding="UTF-8"?>
<testsuite name="AccountServiceTest" tests="1" skipped="0" failures="0" errors="0" timestamp="2022-10-14T14:32:34" hostname="HOME-PC" time="19.914">
  <properties/>
  <testcase name="start" classname="AccountServiceTest" time="19.914"/>
  <system-out><![CDATA[?[1;31m
Start test 1?[0m
?[0;34m
?[0m?[0;34m  .   ____          _            __ _ _
?[0m?[0;34m /\\ / ___'_ __ _ _(_)_ __  __ _ \ \ \ \
?[0m?[0;34m( ( )\___ | '_ | '_| | '_ \/ _` | \ \ \ \
?[0m?[0;34m \\/  ___)| |_)| | | | | || (_| |  ) ) ) )
?[0m?[0;34m  '  |____| .__|_| |_|_| |_\__, | / / / /
?[0m?[0;34m =========|_|==============|___/=/_/_/_/
?[0m?[0;34m :: Spring Boot ::                (v2.7.3)
?[0m?[0;34m
?[0m?[0;34m2022-10-14 19:32:36.321  INFO 7172 --- [    Test worker] account.AccountServiceApplication        : Starting AccountServiceApplication using Java 17.0.2 on Home-PC with PID 7172 (started by Home in D:\JetBrains Academy\new\Account Service\Account Service\task)
?[0m?[0;34m2022-10-14 19:32:36.327  INFO 7172 --- [    Test worker] account.AccountServiceApplication        : No active profile set, falling back to 1 default profile: "default"
?[0m?[0;34m2022-10-14 19:32:40.406  INFO 7172 --- [    Test worker] .s.d.r.c.RepositoryConfigurationDelegate : Bootstrapping Spring Data JPA repositories in DEFAULT mode.
?[0m?[0;34m2022-10-14 19:32:40.549  INFO 7172 --- [    Test worker] .s.d.r.c.RepositoryConfigurationDelegate : Finished Spring Data repository scanning in 127 ms. Found 3 JPA repository interfaces.
?[0m?[0;34m2022-10-14 19:32:42.295  INFO 7172 --- [    Test worker] o.s.b.w.embedded.tomcat.TomcatWebServer  : Tomcat initialized with port(s): 28852 (https)
?[0m?[0;34m2022-10-14 19:32:42.327  INFO 7172 --- [    Test worker] o.apache.catalina.core.StandardService   : Starting service [Tomcat]
?[0m?[0;34m2022-10-14 19:32:42.328  INFO 7172 --- [    Test worker] org.apache.catalina.core.StandardEngine  : Starting Servlet engine: [Apache Tomcat/9.0.65]
?[0m?[0;34m2022-10-14 19:32:42.538  INFO 7172 --- [    Test worker] o.a.c.c.C.[Tomcat].[localhost].[/]       : Initializing Spring embedded WebApplicationContext
?[0m?[0;34m2022-10-14 19:32:42.539  INFO 7172 --- [    Test worker] w.s.c.ServletWebServerApplicationContext : Root WebApplicationContext: initialization completed in 5995 ms
?[0m?[0;34m2022-10-14 19:32:42.843  INFO 7172 --- [    Test worker] com.zaxxer.hikari.HikariDataSource       : HikariPool-1 - Starting...
?[0m?[0;34m2022-10-14 19:32:43.869  INFO 7172 --- [    Test worker] com.zaxxer.hikari.HikariDataSource       : HikariPool-1 - Start completed.
?[0m?[0;34m2022-10-14 19:32:43.913  INFO 7172 --- [    Test worker] o.s.b.a.h2.H2ConsoleAutoConfiguration    : H2 console available at '/h2-console'. Database available at 'jdbc:h2:file:../service_db'
?[0m?[0;34m2022-10-14 19:32:46.455  INFO 7172 --- [    Test worker] o.hibernate.jpa.internal.util.LogHelper  : HHH000204: Processing PersistenceUnitInfo [name: default]
?[0m?[0;34m2022-10-14 19:32:46.661  INFO 7172 --- [    Test worker] org.hibernate.Version                    : HHH000412: Hibernate ORM core version 5.6.10.Final
?[0m?[0;34m2022-10-14 19:32:47.300  INFO 7172 --- [    Test worker] o.hibernate.annotations.common.Version   : HCANN000001: Hibernate Commons Annotations {5.1.2.Final}
?[0m?[0;34m2022-10-14 19:32:47.531  INFO 7172 --- [    Test worker] org.hibernate.dialect.Dialect            : HHH000400: Using dialect: org.hibernate.dialect.H2Dialect
?[0m?[0;34m2022-10-14 19:32:49.620  INFO 7172 --- [    Test worker] o.h.e.t.j.p.i.JtaPlatformInitiator       : HHH000490: Using JtaPlatform implementation: [org.hibernate.engine.transaction.jta.platform.internal.NoJtaPlatform]
?[0m?[0;34m2022-10-14 19:32:49.633  INFO 7172 --- [    Test worker] j.LocalContainerEntityManagerFactoryBean : Initialized JPA EntityManagerFactory for persistence unit 'default'
?[0m?[0;34m2022-10-14 19:32:51.049  INFO 7172 --- [    Test worker] o.s.s.web.DefaultSecurityFilterChain     : Will secure any request with [org.springframework.security.web.session.DisableEncodeUrlFilter@3531509c, org.springframework.security.web.context.request.async.WebAsyncManagerIntegrationFilter@23169374, org.springframework.security.web.context.SecurityContextPersistenceFilter@44a1ae4e, org.springframework.security.web.header.HeaderWriterFilter@2c02cf78, org.springframework.security.web.authentication.logout.LogoutFilter@3ef4a8fb, org.springframework.security.web.authentication.www.BasicAuthenticationFilter@1390a43a, org.springframework.security.web.savedrequest.RequestCacheAwareFilter@193c810, org.springframework.security.web.servletapi.SecurityContextHolderAwareRequestFilter@1ef7e4c7, org.springframework.security.web.authentication.AnonymousAuthenticationFilter@4f2b1a2f, org.springframework.security.web.session.SessionManagementFilter@319ea996, org.springframework.security.web.access.ExceptionTranslationFilter@759c53e5, org.springframework.security.web.access.intercept.FilterSecurityInterceptor@1f596988]
?[0m?[0;34m2022-10-14 19:32:51.170  WARN 7172 --- [    Test worker] JpaBaseConfiguration$JpaWebConfiguration : spring.jpa.open-in-view is enabled by default. Therefore, database queries may be performed during view rendering. Explicitly configure spring.jpa.open-in-view to disable this warning
?[0m?[0;34m2022-10-14 19:32:52.388  INFO 7172 --- [    Test worker] o.s.b.a.e.web.EndpointLinksResolver      : Exposing 14 endpoint(s) beneath base path '/actuator'
?[0m?[0;34m2022-10-14 19:32:53.359  INFO 7172 --- [    Test worker] o.s.b.w.embedded.tomcat.TomcatWebServer  : Tomcat started on port(s): 28852 (https) with context path ''
?[0m?[0;34m2022-10-14 19:32:53.397  INFO 7172 --- [    Test worker] account.AccountServiceApplication        : Started AccountServiceApplication in 18.136 seconds (JVM running for 20.065)
?[0m?[0;34mCN=accountant_service, OU=developer, O=JavaCorp, L=Chelyabinsk, ST=Chelyabinsk region, C=RU SHA256withRSA
?[0m]]></system-out>
  <system-err><![CDATA[]]></system-err>
</testsuite>
